<?xml version="1.0" encoding="UTF-8"?>
<!-- Generated by org.testng.reporters.JUnitReportReporter -->
<testsuite skipped="0" hostname="Susana-PC" name="FunctionalTesting.Login" tests="2" failures="0" timestamp="24 dic 2019 14:37:04 GMT" time="87.835" errors="0">
  <testcase name="LoginSwimLane" time="44.167" classname="FunctionalTesting.Login"/>
  <testcase name="LoginFail" time="43.668" classname="FunctionalTesting.Login"/>
</testsuite> <!-- FunctionalTesting.Login -->
