<?xml version="1.0" encoding="UTF-8"?>
<!-- Generated by org.testng.reporters.JUnitReportReporter -->
<testsuite skipped="0" hostname="Susana-PC" name="com.sl.helper.Login" tests="2" failures="0" timestamp="24 dic 2019 19:48:03 GMT" time="73.340" errors="0">
  <testcase name="LoginSLFail" time="36.631" classname="com.sl.helper.Login"/>
  <testcase name="LoginSL" time="36.709" classname="com.sl.helper.Login"/>
</testsuite> <!-- com.sl.helper.Login -->
